0 info it worked if it ends with ok
1 verbose cli [ '/usr/bin/nodejs',
1 verbose cli   '/usr/bin/npm',
1 verbose cli   'install',
1 verbose cli   '--save',
1 verbose cli   'mapbox-gl' ]
2 info using npm@1.3.10
3 info using node@v0.10.25
4 verbose cache add [ 'mapbox-gl', null ]
5 verbose cache add name=undefined spec="mapbox-gl" args=["mapbox-gl",null]
6 verbose parsed url { protocol: null,
6 verbose parsed url   slashes: null,
6 verbose parsed url   auth: null,
6 verbose parsed url   host: null,
6 verbose parsed url   port: null,
6 verbose parsed url   hostname: null,
6 verbose parsed url   hash: null,
6 verbose parsed url   search: null,
6 verbose parsed url   query: null,
6 verbose parsed url   pathname: 'mapbox-gl',
6 verbose parsed url   path: 'mapbox-gl',
6 verbose parsed url   href: 'mapbox-gl' }
7 silly lockFile cfbc1589-mapbox-gl mapbox-gl
8 verbose lock mapbox-gl /home/vagrant/.npm/cfbc1589-mapbox-gl.lock
9 silly lockFile cfbc1589-mapbox-gl mapbox-gl
10 silly lockFile cfbc1589-mapbox-gl mapbox-gl
11 verbose addNamed [ 'mapbox-gl', '' ]
12 verbose addNamed [ null, '*' ]
13 silly lockFile 6f473438-mapbox-gl mapbox-gl@
14 verbose lock mapbox-gl@ /home/vagrant/.npm/6f473438-mapbox-gl.lock
15 silly addNameRange { name: 'mapbox-gl', range: '*', hasData: false }
16 verbose url raw mapbox-gl
17 verbose url resolving [ 'https://registry.npmjs.org/', './mapbox-gl' ]
18 verbose url resolved https://registry.npmjs.org/mapbox-gl
19 info trying registry request attempt 1 at 23:14:13
20 http GET https://registry.npmjs.org/mapbox-gl
21 info retry will retry, error on last attempt: Error: getaddrinfo ENOTFOUND
22 info trying registry request attempt 2 at 23:14:31
23 http GET https://registry.npmjs.org/mapbox-gl
24 info retry will retry, error on last attempt: Error: getaddrinfo ENOTFOUND
25 info trying registry request attempt 3 at 23:15:39
26 http GET https://registry.npmjs.org/mapbox-gl
27 silly lockFile 6f473438-mapbox-gl mapbox-gl@
28 silly lockFile 6f473438-mapbox-gl mapbox-gl@
29 error network getaddrinfo ENOTFOUND
29 error network This is most likely not a problem with npm itself
29 error network and is related to network connectivity.
29 error network In most cases you are behind a proxy or have bad network settings.
29 error network
29 error network If you are behind a proxy, please make sure that the
29 error network 'proxy' config is set properly.  See: 'npm help config'
30 error System Linux 3.13.0-144-generic
31 error command "/usr/bin/nodejs" "/usr/bin/npm" "install" "--save" "mapbox-gl"
32 error cwd /home/vagrant/Souvenir
33 error node -v v0.10.25
34 error npm -v 1.3.10
35 error syscall getaddrinfo
36 error code ENOTFOUND
37 error errno ENOTFOUND
38 verbose exit [ 1, true ]
